nohup: ignoring input
2026-05-29 19:45:32.322 Uvicorn server started on 0.0.0.0:8501

  You can now view your Streamlit app in your browser.

  Local URL: http://localhost:8501
  Network URL: http://192.168.29.80:8501

2026-05-29 19:45:35.425 `label` got an empty value. This is discouraged for accessibility reasons and may be disallowed in the future by raising an exception. Please provide a non-empty label and hide it with label_visibility if needed.
Stack (most recent call last):
  File "/home/surajkumar.sharma/Documents/AbbVie/sra_streamlit_app/.pixi/envs/default/lib/python3.14/threading.py", line 1044, in _bootstrap
    self._bootstrap_inner()
  File "/home/surajkumar.sharma/Documents/AbbVie/sra_streamlit_app/.pixi/envs/default/lib/python3.14/threading.py", line 1082, in _bootstrap_inner
    self._context.run(self.run)
  File "/home/surajkumar.sharma/Documents/AbbVie/sra_streamlit_app/.pixi/envs/default/lib/python3.14/threading.py", line 1024, in run
    self._target(*self._args, **self._kwargs)
  File "/home/surajkumar.sharma/Documents/AbbVie/sra_streamlit_app/.pixi/envs/default/lib/python3.14/site-packages/streamlit/runtime/scriptrunner/script_runner.py", line 379, in _run_script_thread
    self._run_script(request.rerun_data)
  File "/home/surajkumar.sharma/Documents/AbbVie/sra_streamlit_app/.pixi/envs/default/lib/python3.14/site-packages/streamlit/runtime/scriptrunner/script_runner.py", line 705, in _run_script
    ) = exec_func_with_error_handling(code_to_exec, ctx)
  File "/home/surajkumar.sharma/Documents/AbbVie/sra_streamlit_app/.pixi/envs/default/lib/python3.14/site-packages/streamlit/runtime/scriptrunner/exec_code.py", line 129, in exec_func_with_error_handling
    result = func()
  File "/home/surajkumar.sharma/Documents/AbbVie/sra_streamlit_app/.pixi/envs/default/lib/python3.14/site-packages/streamlit/runtime/scriptrunner/script_runner.py", line 689, in code_to_exec
    exec(code, module.__dict__)  # noqa: S102
  File "/home/surajkumar.sharma/Documents/AbbVie/sra_streamlit_app/app.py", line 137, in <module>
    mode = st.sidebar.radio("", ["📊 Overview & Analytics", "🔍 Study Explorer"])
  File "/home/surajkumar.sharma/Documents/AbbVie/sra_streamlit_app/.pixi/envs/default/lib/python3.14/site-packages/streamlit/runtime/metrics_util.py", line 698, in wrapped_func
    result = non_optional_func(*args, **kwargs)
  File "/home/surajkumar.sharma/Documents/AbbVie/sra_streamlit_app/.pixi/envs/default/lib/python3.14/site-packages/streamlit/elements/widgets/radio.py", line 400, in radio
    return self._radio(
  File "/home/surajkumar.sharma/Documents/AbbVie/sra_streamlit_app/.pixi/envs/default/lib/python3.14/site-packages/streamlit/elements/widgets/radio.py", line 447, in _radio
    maybe_raise_label_warnings(label, label_visibility)
  File "/home/surajkumar.sharma/Documents/AbbVie/sra_streamlit_app/.pixi/envs/default/lib/python3.14/site-packages/streamlit/elements/lib/policies.py", line 187, in maybe_raise_label_warnings
    _LOGGER.warning(
2026-05-29 19:45:35.570 Please replace `use_container_width` with `width`.

`use_container_width` will be removed after 2025-12-31.

For `use_container_width=True`, use `width='stretch'`. For `use_container_width=False`, use `width='content'`.
2026-05-29 19:45:35.602 Please replace `use_container_width` with `width`.

`use_container_width` will be removed after 2025-12-31.

For `use_container_width=True`, use `width='stretch'`. For `use_container_width=False`, use `width='content'`.
2026-05-29 19:45:35.643 Please replace `use_container_width` with `width`.

`use_container_width` will be removed after 2025-12-31.

For `use_container_width=True`, use `width='stretch'`. For `use_container_width=False`, use `width='content'`.
2026-05-29 19:45:35.695 Please replace `use_container_width` with `width`.

`use_container_width` will be removed after 2025-12-31.

For `use_container_width=True`, use `width='stretch'`. For `use_container_width=False`, use `width='content'`.
2026-05-29 19:45:35.763 Please replace `use_container_width` with `width`.

`use_container_width` will be removed after 2025-12-31.

For `use_container_width=True`, use `width='stretch'`. For `use_container_width=False`, use `width='content'`.
2026-05-29 19:46:32.684 `label` got an empty value. This is discouraged for accessibility reasons and may be disallowed in the future by raising an exception. Please provide a non-empty label and hide it with label_visibility if needed.
Stack (most recent call last):
  File "/home/surajkumar.sharma/Documents/AbbVie/sra_streamlit_app/.pixi/envs/default/lib/python3.14/threading.py", line 1044, in _bootstrap
    self._bootstrap_inner()
  File "/home/surajkumar.sharma/Documents/AbbVie/sra_streamlit_app/.pixi/envs/default/lib/python3.14/threading.py", line 1082, in _bootstrap_inner
    self._context.run(self.run)
  File "/home/surajkumar.sharma/Documents/AbbVie/sra_streamlit_app/.pixi/envs/default/lib/python3.14/threading.py", line 1024, in run
    self._target(*self._args, **self._kwargs)
  File "/home/surajkumar.sharma/Documents/AbbVie/sra_streamlit_app/.pixi/envs/default/lib/python3.14/site-packages/streamlit/runtime/scriptrunner/script_runner.py", line 379, in _run_script_thread
    self._run_script(request.rerun_data)
  File "/home/surajkumar.sharma/Documents/AbbVie/sra_streamlit_app/.pixi/envs/default/lib/python3.14/site-packages/streamlit/runtime/scriptrunner/script_runner.py", line 705, in _run_script
    ) = exec_func_with_error_handling(code_to_exec, ctx)
  File "/home/surajkumar.sharma/Documents/AbbVie/sra_streamlit_app/.pixi/envs/default/lib/python3.14/site-packages/streamlit/runtime/scriptrunner/exec_code.py", line 129, in exec_func_with_error_handling
    result = func()
  File "/home/surajkumar.sharma/Documents/AbbVie/sra_streamlit_app/.pixi/envs/default/lib/python3.14/site-packages/streamlit/runtime/scriptrunner/script_runner.py", line 689, in code_to_exec
    exec(code, module.__dict__)  # noqa: S102
  File "/home/surajkumar.sharma/Documents/AbbVie/sra_streamlit_app/app.py", line 137, in <module>
    mode = st.sidebar.radio("", ["📊 Overview & Analytics", "🔍 Study Explorer"])
  File "/home/surajkumar.sharma/Documents/AbbVie/sra_streamlit_app/.pixi/envs/default/lib/python3.14/site-packages/streamlit/runtime/metrics_util.py", line 698, in wrapped_func
    result = non_optional_func(*args, **kwargs)
  File "/home/surajkumar.sharma/Documents/AbbVie/sra_streamlit_app/.pixi/envs/default/lib/python3.14/site-packages/streamlit/elements/widgets/radio.py", line 400, in radio
    return self._radio(
  File "/home/surajkumar.sharma/Documents/AbbVie/sra_streamlit_app/.pixi/envs/default/lib/python3.14/site-packages/streamlit/elements/widgets/radio.py", line 447, in _radio
    maybe_raise_label_warnings(label, label_visibility)
  File "/home/surajkumar.sharma/Documents/AbbVie/sra_streamlit_app/.pixi/envs/default/lib/python3.14/site-packages/streamlit/elements/lib/policies.py", line 187, in maybe_raise_label_warnings
    _LOGGER.warning(
2026-05-29 19:46:32.968 Please replace `use_container_width` with `width`.

`use_container_width` will be removed after 2025-12-31.

For `use_container_width=True`, use `width='stretch'`. For `use_container_width=False`, use `width='content'`.
2026-05-29 19:46:32.970 Serialization of dataframe to Arrow table was unsuccessful. Applying automatic fixes for column types to make the dataframe Arrow-compatible.
Traceback (most recent call last):
  File "/home/surajkumar.sharma/Documents/AbbVie/sra_streamlit_app/.pixi/envs/default/lib/python3.14/site-packages/streamlit/dataframe_util.py", line 961, in convert_pandas_df_to_arrow_bytes
    table = pa.Table.from_pandas(df)
  File "pyarrow/table.pxi", line 4768, in pyarrow.lib.Table.from_pandas
  File "/home/surajkumar.sharma/Documents/AbbVie/sra_streamlit_app/.pixi/envs/default/lib/python3.14/site-packages/pyarrow/pandas_compat.py", line 651, in dataframe_to_arrays
    arrays = [convert_column(c, f)
              ~~~~~~~~~~~~~~^^^^^^
  File "/home/surajkumar.sharma/Documents/AbbVie/sra_streamlit_app/.pixi/envs/default/lib/python3.14/site-packages/pyarrow/pandas_compat.py", line 639, in convert_column
    raise e
  File "/home/surajkumar.sharma/Documents/AbbVie/sra_streamlit_app/.pixi/envs/default/lib/python3.14/site-packages/pyarrow/pandas_compat.py", line 633, in convert_column
    result = pa.array(col, type=type_, from_pandas=True, safe=safe)
  File "pyarrow/array.pxi", line 390, in pyarrow.lib.array
  File "pyarrow/array.pxi", line 91, in pyarrow.lib._ndarray_to_array
    check_status(NdarrayToArrow(pool, values, mask, from_pandas,
  File "pyarrow/error.pxi", line 92, in pyarrow.lib.check_status
pyarrow.lib.ArrowTypeError: ("Expected bytes, got a 'numpy.int64' object", 'Conversion failed for column Value with type object')
2026-05-29 19:46:33.004 Please replace `use_container_width` with `width`.

`use_container_width` will be removed after 2025-12-31.

For `use_container_width=True`, use `width='stretch'`. For `use_container_width=False`, use `width='content'`.
2026-05-29 19:47:15.388 `label` got an empty value. This is discouraged for accessibility reasons and may be disallowed in the future by raising an exception. Please provide a non-empty label and hide it with label_visibility if needed.
Stack (most recent call last):
  File "/home/surajkumar.sharma/Documents/AbbVie/sra_streamlit_app/.pixi/envs/default/lib/python3.14/threading.py", line 1044, in _bootstrap
    self._bootstrap_inner()
  File "/home/surajkumar.sharma/Documents/AbbVie/sra_streamlit_app/.pixi/envs/default/lib/python3.14/threading.py", line 1082, in _bootstrap_inner
    self._context.run(self.run)
  File "/home/surajkumar.sharma/Documents/AbbVie/sra_streamlit_app/.pixi/envs/default/lib/python3.14/threading.py", line 1024, in run
    self._target(*self._args, **self._kwargs)
  File "/home/surajkumar.sharma/Documents/AbbVie/sra_streamlit_app/.pixi/envs/default/lib/python3.14/site-packages/streamlit/runtime/scriptrunner/script_runner.py", line 379, in _run_script_thread
    self._run_script(request.rerun_data)
  File "/home/surajkumar.sharma/Documents/AbbVie/sra_streamlit_app/.pixi/envs/default/lib/python3.14/site-packages/streamlit/runtime/scriptrunner/script_runner.py", line 705, in _run_script
    ) = exec_func_with_error_handling(code_to_exec, ctx)
  File "/home/surajkumar.sharma/Documents/AbbVie/sra_streamlit_app/.pixi/envs/default/lib/python3.14/site-packages/streamlit/runtime/scriptrunner/exec_code.py", line 129, in exec_func_with_error_handling
    result = func()
  File "/home/surajkumar.sharma/Documents/AbbVie/sra_streamlit_app/.pixi/envs/default/lib/python3.14/site-packages/streamlit/runtime/scriptrunner/script_runner.py", line 689, in code_to_exec
    exec(code, module.__dict__)  # noqa: S102
  File "/home/surajkumar.sharma/Documents/AbbVie/sra_streamlit_app/app.py", line 137, in <module>
    mode = st.sidebar.radio("", ["📊 Overview & Analytics", "🔍 Study Explorer"])
  File "/home/surajkumar.sharma/Documents/AbbVie/sra_streamlit_app/.pixi/envs/default/lib/python3.14/site-packages/streamlit/runtime/metrics_util.py", line 698, in wrapped_func
    result = non_optional_func(*args, **kwargs)
  File "/home/surajkumar.sharma/Documents/AbbVie/sra_streamlit_app/.pixi/envs/default/lib/python3.14/site-packages/streamlit/elements/widgets/radio.py", line 400, in radio
    return self._radio(
  File "/home/surajkumar.sharma/Documents/AbbVie/sra_streamlit_app/.pixi/envs/default/lib/python3.14/site-packages/streamlit/elements/widgets/radio.py", line 447, in _radio
    maybe_raise_label_warnings(label, label_visibility)
  File "/home/surajkumar.sharma/Documents/AbbVie/sra_streamlit_app/.pixi/envs/default/lib/python3.14/site-packages/streamlit/elements/lib/policies.py", line 187, in maybe_raise_label_warnings
    _LOGGER.warning(
2026-05-29 19:47:15.425 Please replace `use_container_width` with `width`.

`use_container_width` will be removed after 2025-12-31.

For `use_container_width=True`, use `width='stretch'`. For `use_container_width=False`, use `width='content'`.
2026-05-29 19:47:15.434 Please replace `use_container_width` with `width`.

`use_container_width` will be removed after 2025-12-31.

For `use_container_width=True`, use `width='stretch'`. For `use_container_width=False`, use `width='content'`.
2026-05-29 19:47:15.435 Serialization of dataframe to Arrow table was unsuccessful. Applying automatic fixes for column types to make the dataframe Arrow-compatible.
Traceback (most recent call last):
  File "/home/surajkumar.sharma/Documents/AbbVie/sra_streamlit_app/.pixi/envs/default/lib/python3.14/site-packages/streamlit/dataframe_util.py", line 961, in convert_pandas_df_to_arrow_bytes
    table = pa.Table.from_pandas(df)
  File "pyarrow/table.pxi", line 4768, in pyarrow.lib.Table.from_pandas
  File "/home/surajkumar.sharma/Documents/AbbVie/sra_streamlit_app/.pixi/envs/default/lib/python3.14/site-packages/pyarrow/pandas_compat.py", line 651, in dataframe_to_arrays
    arrays = [convert_column(c, f)
              ~~~~~~~~~~~~~~^^^^^^
  File "/home/surajkumar.sharma/Documents/AbbVie/sra_streamlit_app/.pixi/envs/default/lib/python3.14/site-packages/pyarrow/pandas_compat.py", line 639, in convert_column
    raise e
  File "/home/surajkumar.sharma/Documents/AbbVie/sra_streamlit_app/.pixi/envs/default/lib/python3.14/site-packages/pyarrow/pandas_compat.py", line 633, in convert_column
    result = pa.array(col, type=type_, from_pandas=True, safe=safe)
  File "pyarrow/array.pxi", line 390, in pyarrow.lib.array
    result = _ndarray_to_array(values, mask, type, c_from_pandas, safe,
  File "pyarrow/array.pxi", line 91, in pyarrow.lib._ndarray_to_array
    check_status(NdarrayToArrow(pool, values, mask, from_pandas,
  File "pyarrow/error.pxi", line 92, in pyarrow.lib.check_status
pyarrow.lib.ArrowTypeError: ("Expected bytes, got a 'numpy.int64' object", 'Conversion failed for column Value with type object')
2026-05-29 19:47:15.450 Please replace `use_container_width` with `width`.

`use_container_width` will be removed after 2025-12-31.

For `use_container_width=True`, use `width='stretch'`. For `use_container_width=False`, use `width='content'`.
2026-05-29 20:15:58.919 `label` got an empty value. This is discouraged for accessibility reasons and may be disallowed in the future by raising an exception. Please provide a non-empty label and hide it with label_visibility if needed.
Stack (most recent call last):
  File "/home/surajkumar.sharma/Documents/AbbVie/sra_streamlit_app/.pixi/envs/default/lib/python3.14/threading.py", line 1044, in _bootstrap
    self._bootstrap_inner()
  File "/home/surajkumar.sharma/Documents/AbbVie/sra_streamlit_app/.pixi/envs/default/lib/python3.14/threading.py", line 1082, in _bootstrap_inner
    self._context.run(self.run)
  File "/home/surajkumar.sharma/Documents/AbbVie/sra_streamlit_app/.pixi/envs/default/lib/python3.14/threading.py", line 1024, in run
    self._target(*self._args, **self._kwargs)
  File "/home/surajkumar.sharma/Documents/AbbVie/sra_streamlit_app/.pixi/envs/default/lib/python3.14/site-packages/streamlit/runtime/scriptrunner/script_runner.py", line 379, in _run_script_thread
    self._run_script(request.rerun_data)
  File "/home/surajkumar.sharma/Documents/AbbVie/sra_streamlit_app/.pixi/envs/default/lib/python3.14/site-packages/streamlit/runtime/scriptrunner/script_runner.py", line 705, in _run_script
    ) = exec_func_with_error_handling(code_to_exec, ctx)
  File "/home/surajkumar.sharma/Documents/AbbVie/sra_streamlit_app/.pixi/envs/default/lib/python3.14/site-packages/streamlit/runtime/scriptrunner/exec_code.py", line 129, in exec_func_with_error_handling
    result = func()
  File "/home/surajkumar.sharma/Documents/AbbVie/sra_streamlit_app/.pixi/envs/default/lib/python3.14/site-packages/streamlit/runtime/scriptrunner/script_runner.py", line 689, in code_to_exec
    exec(code, module.__dict__)  # noqa: S102
  File "/home/surajkumar.sharma/Documents/AbbVie/sra_streamlit_app/app.py", line 137, in <module>
    mode = st.sidebar.radio("", ["📊 Overview & Analytics", "🔍 Study Explorer"])
  File "/home/surajkumar.sharma/Documents/AbbVie/sra_streamlit_app/.pixi/envs/default/lib/python3.14/site-packages/streamlit/runtime/metrics_util.py", line 698, in wrapped_func
    result = non_optional_func(*args, **kwargs)
  File "/home/surajkumar.sharma/Documents/AbbVie/sra_streamlit_app/.pixi/envs/default/lib/python3.14/site-packages/streamlit/elements/widgets/radio.py", line 400, in radio
    return self._radio(
  File "/home/surajkumar.sharma/Documents/AbbVie/sra_streamlit_app/.pixi/envs/default/lib/python3.14/site-packages/streamlit/elements/widgets/radio.py", line 447, in _radio
    maybe_raise_label_warnings(label, label_visibility)
  File "/home/surajkumar.sharma/Documents/AbbVie/sra_streamlit_app/.pixi/envs/default/lib/python3.14/site-packages/streamlit/elements/lib/policies.py", line 187, in maybe_raise_label_warnings
    _LOGGER.warning(
2026-05-29 20:15:59.038 Please replace `use_container_width` with `width`.

`use_container_width` will be removed after 2025-12-31.

For `use_container_width=True`, use `width='stretch'`. For `use_container_width=False`, use `width='content'`.
2026-05-29 20:15:59.067 Please replace `use_container_width` with `width`.

`use_container_width` will be removed after 2025-12-31.

For `use_container_width=True`, use `width='stretch'`. For `use_container_width=False`, use `width='content'`.
2026-05-29 20:15:59.099 Please replace `use_container_width` with `width`.

`use_container_width` will be removed after 2025-12-31.

For `use_container_width=True`, use `width='stretch'`. For `use_container_width=False`, use `width='content'`.
2026-05-29 20:15:59.145 Please replace `use_container_width` with `width`.

`use_container_width` will be removed after 2025-12-31.

For `use_container_width=True`, use `width='stretch'`. For `use_container_width=False`, use `width='content'`.
2026-05-29 20:15:59.210 Please replace `use_container_width` with `width`.

`use_container_width` will be removed after 2025-12-31.

For `use_container_width=True`, use `width='stretch'`. For `use_container_width=False`, use `width='content'`.
2026-05-29 20:16:32.207 `label` got an empty value. This is discouraged for accessibility reasons and may be disallowed in the future by raising an exception. Please provide a non-empty label and hide it with label_visibility if needed.
Stack (most recent call last):
  File "/home/surajkumar.sharma/Documents/AbbVie/sra_streamlit_app/.pixi/envs/default/lib/python3.14/threading.py", line 1044, in _bootstrap
    self._bootstrap_inner()
  File "/home/surajkumar.sharma/Documents/AbbVie/sra_streamlit_app/.pixi/envs/default/lib/python3.14/threading.py", line 1082, in _bootstrap_inner
    self._context.run(self.run)
  File "/home/surajkumar.sharma/Documents/AbbVie/sra_streamlit_app/.pixi/envs/default/lib/python3.14/threading.py", line 1024, in run
    self._target(*self._args, **self._kwargs)
  File "/home/surajkumar.sharma/Documents/AbbVie/sra_streamlit_app/.pixi/envs/default/lib/python3.14/site-packages/streamlit/runtime/scriptrunner/script_runner.py", line 379, in _run_script_thread
    self._run_script(request.rerun_data)
  File "/home/surajkumar.sharma/Documents/AbbVie/sra_streamlit_app/.pixi/envs/default/lib/python3.14/site-packages/streamlit/runtime/scriptrunner/script_runner.py", line 705, in _run_script
    ) = exec_func_with_error_handling(code_to_exec, ctx)
  File "/home/surajkumar.sharma/Documents/AbbVie/sra_streamlit_app/.pixi/envs/default/lib/python3.14/site-packages/streamlit/runtime/scriptrunner/exec_code.py", line 129, in exec_func_with_error_handling
    result = func()
  File "/home/surajkumar.sharma/Documents/AbbVie/sra_streamlit_app/.pixi/envs/default/lib/python3.14/site-packages/streamlit/runtime/scriptrunner/script_runner.py", line 689, in code_to_exec
    exec(code, module.__dict__)  # noqa: S102
  File "/home/surajkumar.sharma/Documents/AbbVie/sra_streamlit_app/app.py", line 137, in <module>
    mode = st.sidebar.radio("", ["📊 Overview & Analytics", "🔍 Study Explorer"])
  File "/home/surajkumar.sharma/Documents/AbbVie/sra_streamlit_app/.pixi/envs/default/lib/python3.14/site-packages/streamlit/runtime/metrics_util.py", line 698, in wrapped_func
    result = non_optional_func(*args, **kwargs)
  File "/home/surajkumar.sharma/Documents/AbbVie/sra_streamlit_app/.pixi/envs/default/lib/python3.14/site-packages/streamlit/elements/widgets/radio.py", line 400, in radio
    return self._radio(
  File "/home/surajkumar.sharma/Documents/AbbVie/sra_streamlit_app/.pixi/envs/default/lib/python3.14/site-packages/streamlit/elements/widgets/radio.py", line 447, in _radio
    maybe_raise_label_warnings(label, label_visibility)
  File "/home/surajkumar.sharma/Documents/AbbVie/sra_streamlit_app/.pixi/envs/default/lib/python3.14/site-packages/streamlit/elements/lib/policies.py", line 187, in maybe_raise_label_warnings
    _LOGGER.warning(
2026-05-29 20:16:32.953 Please replace `use_container_width` with `width`.

`use_container_width` will be removed after 2025-12-31.

For `use_container_width=True`, use `width='stretch'`. For `use_container_width=False`, use `width='content'`.
2026-05-29 20:16:32.968 Serialization of dataframe to Arrow table was unsuccessful. Applying automatic fixes for column types to make the dataframe Arrow-compatible.
Traceback (most recent call last):
  File "/home/surajkumar.sharma/Documents/AbbVie/sra_streamlit_app/.pixi/envs/default/lib/python3.14/site-packages/streamlit/dataframe_util.py", line 961, in convert_pandas_df_to_arrow_bytes
    table = pa.Table.from_pandas(df)
  File "pyarrow/table.pxi", line 4768, in pyarrow.lib.Table.from_pandas
  File "/home/surajkumar.sharma/Documents/AbbVie/sra_streamlit_app/.pixi/envs/default/lib/python3.14/site-packages/pyarrow/pandas_compat.py", line 651, in dataframe_to_arrays
    arrays = [convert_column(c, f)
              ~~~~~~~~~~~~~~^^^^^^
  File "/home/surajkumar.sharma/Documents/AbbVie/sra_streamlit_app/.pixi/envs/default/lib/python3.14/site-packages/pyarrow/pandas_compat.py", line 639, in convert_column
    raise e
  File "/home/surajkumar.sharma/Documents/AbbVie/sra_streamlit_app/.pixi/envs/default/lib/python3.14/site-packages/pyarrow/pandas_compat.py", line 633, in convert_column
    result = pa.array(col, type=type_, from_pandas=True, safe=safe)
  File "pyarrow/array.pxi", line 390, in pyarrow.lib.array
    result = _ndarray_to_array(values, mask, type, c_from_pandas, safe,
  File "pyarrow/array.pxi", line 91, in pyarrow.lib._ndarray_to_array
    check_status(NdarrayToArrow(pool, values, mask, from_pandas,
  File "pyarrow/error.pxi", line 92, in pyarrow.lib.check_status
pyarrow.lib.ArrowTypeError: ("Expected bytes, got a 'numpy.int64' object", 'Conversion failed for column Value with type object')
2026-05-29 20:16:33.061 Please replace `use_container_width` with `width`.

`use_container_width` will be removed after 2025-12-31.

For `use_container_width=True`, use `width='stretch'`. For `use_container_width=False`, use `width='content'`.
  Stopping...
Traceback (most recent call last):
  File "/home/surajkumar.sharma/Documents/AbbVie/sra_streamlit_app/.pixi/envs/default/lib/python3.14/asyncio/runners.py", line 204, in run
    return runner.run(main)
           ~~~~~~~~~~^^^^^^
  File "/home/surajkumar.sharma/Documents/AbbVie/sra_streamlit_app/.pixi/envs/default/lib/python3.14/asyncio/runners.py", line 127, in run
    return self._loop.run_until_complete(task)
           ~~~~~~~~~~~~~~~~~~~~~~~~~~~~~^^^^^^
  File "/home/surajkumar.sharma/Documents/AbbVie/sra_streamlit_app/.pixi/envs/default/lib/python3.14/asyncio/base_events.py", line 706, in run_until_complete
    self.run_forever()
    ~~~~~~~~~~~~~~~~^^
  File "/home/surajkumar.sharma/Documents/AbbVie/sra_streamlit_app/.pixi/envs/default/lib/python3.14/asyncio/base_events.py", line 677, in run_forever
    self._run_once()
    ~~~~~~~~~~~~~~^^
  File "/home/surajkumar.sharma/Documents/AbbVie/sra_streamlit_app/.pixi/envs/default/lib/python3.14/asyncio/base_events.py", line 2019, in _run_once
    event_list = self._selector.select(timeout)
  File "/home/surajkumar.sharma/Documents/AbbVie/sra_streamlit_app/.pixi/envs/default/lib/python3.14/selectors.py", line 452, in select
    fd_event_list = self._selector.poll(timeout, max_ev)
  File "/home/surajkumar.sharma/Documents/AbbVie/sra_streamlit_app/.pixi/envs/default/lib/python3.14/site-packages/streamlit/web/bootstrap.py", line 43, in signal_handler
    server.stop()
    ~~~~~~~~~~~^^
  File "/home/surajkumar.sharma/Documents/AbbVie/sra_streamlit_app/.pixi/envs/default/lib/python3.14/site-packages/streamlit/web/server/server.py", line 120, in stop
    cli_util.print_to_cli("  Stopping...", fg="blue")
    ~~~~~~~~~~~~~~~~~~~~~^^^^^^^^^^^^^^^^^^^^^^^^^^^^
  File "/home/surajkumar.sharma/Documents/AbbVie/sra_streamlit_app/.pixi/envs/default/lib/python3.14/site-packages/streamlit/cli_util.py", line 34, in print_to_cli
    click.secho(message, **kwargs)
    ~~~~~~~~~~~^^^^^^^^^^^^^^^^^^^
  File "/home/surajkumar.sharma/Documents/AbbVie/sra_streamlit_app/.pixi/envs/default/lib/python3.14/site-packages/click/termui.py", line 748, in secho
    return echo(message, file=file, nl=nl, err=err, color=color)
  File "/home/surajkumar.sharma/Documents/AbbVie/sra_streamlit_app/.pixi/envs/default/lib/python3.14/site-packages/click/utils.py", line 334, in echo
    file.flush()
    ~~~~~~~~~~^^
  File "/home/surajkumar.sharma/Documents/AbbVie/sra_streamlit_app/.pixi/envs/default/lib/python3.14/site-packages/streamlit/web/bootstrap.py", line 43, in signal_handler
    server.stop()
    ~~~~~~~~~~~^^
  File "/home/surajkumar.sharma/Documents/AbbVie/sra_streamlit_app/.pixi/envs/default/lib/python3.14/site-packages/streamlit/web/server/server.py", line 120, in stop
    cli_util.print_to_cli("  Stopping...", fg="blue")
    ~~~~~~~~~~~~~~~~~~~~~^^^^^^^^^^^^^^^^^^^^^^^^^^^^
  File "/home/surajkumar.sharma/Documents/AbbVie/sra_streamlit_app/.pixi/envs/default/lib/python3.14/site-packages/streamlit/cli_util.py", line 34, in print_to_cli
    click.secho(message, **kwargs)
    ~~~~~~~~~~~^^^^^^^^^^^^^^^^^^^
  File "/home/surajkumar.sharma/Documents/AbbVie/sra_streamlit_app/.pixi/envs/default/lib/python3.14/site-packages/click/termui.py", line 748, in secho
    return echo(message, file=file, nl=nl, err=err, color=color)
  File "/home/surajkumar.sharma/Documents/AbbVie/sra_streamlit_app/.pixi/envs/default/lib/python3.14/site-packages/click/utils.py", line 334, in echo
    file.flush()
    ~~~~~~~~~~^^
RuntimeError: reentrant call inside <_io.BufferedWriter name='<stdout>'>

During handling of the above exception, another exception occurred:

Traceback (most recent call last):
  File "/home/surajkumar.sharma/Documents/AbbVie/sra_streamlit_app/.pixi/envs/default/lib/python3.14/site-packages/starlette/routing.py", line 645, in lifespan
    await receive()
  File "/home/surajkumar.sharma/Documents/AbbVie/sra_streamlit_app/.pixi/envs/default/lib/python3.14/site-packages/uvicorn/lifespan/on.py", line 137, in receive
    return await self.receive_queue.get()
           ^^^^^^^^^^^^^^^^^^^^^^^^^^^^^^
  File "/home/surajkumar.sharma/Documents/AbbVie/sra_streamlit_app/.pixi/envs/default/lib/python3.14/asyncio/queues.py", line 186, in get
    await getter
asyncio.exceptions.CancelledError

Traceback (most recent call last):
  File "/home/surajkumar.sharma/Documents/AbbVie/sra_streamlit_app/.pixi/envs/default/bin/streamlit", line 10, in <module>
    sys.exit(main())
             ~~~~^^
  File "/home/surajkumar.sharma/Documents/AbbVie/sra_streamlit_app/.pixi/envs/default/lib/python3.14/site-packages/click/core.py", line 1524, in __call__
    return self.main(*args, **kwargs)
           ~~~~~~~~~^^^^^^^^^^^^^^^^^
  File "/home/surajkumar.sharma/Documents/AbbVie/sra_streamlit_app/.pixi/envs/default/lib/python3.14/site-packages/click/core.py", line 1445, in main
    rv = self.invoke(ctx)
  File "/home/surajkumar.sharma/Documents/AbbVie/sra_streamlit_app/.pixi/envs/default/lib/python3.14/site-packages/click/core.py", line 1912, in invoke
    return _process_result(sub_ctx.command.invoke(sub_ctx))
                           ~~~~~~~~~~~~~~~~~~~~~~^^^^^^^^^
  File "/home/surajkumar.sharma/Documents/AbbVie/sra_streamlit_app/.pixi/envs/default/lib/python3.14/site-packages/click/core.py", line 1308, in invoke
    return ctx.invoke(self.callback, **ctx.params)
           ~~~~~~~~~~^^^^^^^^^^^^^^^^^^^^^^^^^^^^^
  File "/home/surajkumar.sharma/Documents/AbbVie/sra_streamlit_app/.pixi/envs/default/lib/python3.14/site-packages/click/core.py", line 877, in invoke
    return callback(*args, **kwargs)
  File "/home/surajkumar.sharma/Documents/AbbVie/sra_streamlit_app/.pixi/envs/default/lib/python3.14/site-packages/streamlit/web/cli.py", line 251, in main_run
    _main_run(path_str, args, flag_options=kwargs)
    ~~~~~~~~~^^^^^^^^^^^^^^^^^^^^^^^^^^^^^^^^^^^^^
  File "/home/surajkumar.sharma/Documents/AbbVie/sra_streamlit_app/.pixi/envs/default/lib/python3.14/site-packages/streamlit/web/cli.py", line 325, in _main_run
    bootstrap.run(main_script_path, is_hello, args, flag_options)
    ~~~~~~~~~~~~~^^^^^^^^^^^^^^^^^^^^^^^^^^^^^^^^^^^^^^^^^^^^^^^^
  File "/home/surajkumar.sharma/Documents/AbbVie/sra_streamlit_app/.pixi/envs/default/lib/python3.14/site-packages/streamlit/web/bootstrap.py", line 429, in run
    asyncio.run(main())
    ~~~~~~~~~~~^^^^^^^^
  File "/home/surajkumar.sharma/Documents/AbbVie/sra_streamlit_app/.pixi/envs/default/lib/python3.14/asyncio/runners.py", line 204, in run
    return runner.run(main)
           ~~~~~~~~~~^^^^^^
  File "/home/surajkumar.sharma/Documents/AbbVie/sra_streamlit_app/.pixi/envs/default/lib/python3.14/asyncio/runners.py", line 127, in run
    return self._loop.run_until_complete(task)
           ~~~~~~~~~~~~~~~~~~~~~~~~~~~~~^^^^^^
  File "/home/surajkumar.sharma/Documents/AbbVie/sra_streamlit_app/.pixi/envs/default/lib/python3.14/asyncio/base_events.py", line 706, in run_until_complete
    self.run_forever()
    ~~~~~~~~~~~~~~~~^^
  File "/home/surajkumar.sharma/Documents/AbbVie/sra_streamlit_app/.pixi/envs/default/lib/python3.14/asyncio/base_events.py", line 677, in run_forever
    self._run_once()
    ~~~~~~~~~~~~~~^^
  File "/home/surajkumar.sharma/Documents/AbbVie/sra_streamlit_app/.pixi/envs/default/lib/python3.14/asyncio/base_events.py", line 2019, in _run_once
    event_list = self._selector.select(timeout)
  File "/home/surajkumar.sharma/Documents/AbbVie/sra_streamlit_app/.pixi/envs/default/lib/python3.14/selectors.py", line 452, in select
    fd_event_list = self._selector.poll(timeout, max_ev)
  File "/home/surajkumar.sharma/Documents/AbbVie/sra_streamlit_app/.pixi/envs/default/lib/python3.14/site-packages/streamlit/web/bootstrap.py", line 43, in signal_handler
    server.stop()
    ~~~~~~~~~~~^^
  File "/home/surajkumar.sharma/Documents/AbbVie/sra_streamlit_app/.pixi/envs/default/lib/python3.14/site-packages/streamlit/web/server/server.py", line 120, in stop
    cli_util.print_to_cli("  Stopping...", fg="blue")
    ~~~~~~~~~~~~~~~~~~~~~^^^^^^^^^^^^^^^^^^^^^^^^^^^^
  File "/home/surajkumar.sharma/Documents/AbbVie/sra_streamlit_app/.pixi/envs/default/lib/python3.14/site-packages/streamlit/cli_util.py", line 34, in print_to_cli
    click.secho(message, **kwargs)
    ~~~~~~~~~~~^^^^^^^^^^^^^^^^^^^
  File "/home/surajkumar.sharma/Documents/AbbVie/sra_streamlit_app/.pixi/envs/default/lib/python3.14/site-packages/click/termui.py", line 748, in secho
    return echo(message, file=file, nl=nl, err=err, color=color)
  File "/home/surajkumar.sharma/Documents/AbbVie/sra_streamlit_app/.pixi/envs/default/lib/python3.14/site-packages/click/utils.py", line 334, in echo
    file.flush()
    ~~~~~~~~~~^^
  File "/home/surajkumar.sharma/Documents/AbbVie/sra_streamlit_app/.pixi/envs/default/lib/python3.14/site-packages/streamlit/web/bootstrap.py", line 43, in signal_handler
    server.stop()
    ~~~~~~~~~~~^^
  File "/home/surajkumar.sharma/Documents/AbbVie/sra_streamlit_app/.pixi/envs/default/lib/python3.14/site-packages/streamlit/web/server/server.py", line 120, in stop
    cli_util.print_to_cli("  Stopping...", fg="blue")
    ~~~~~~~~~~~~~~~~~~~~~^^^^^^^^^^^^^^^^^^^^^^^^^^^^
  File "/home/surajkumar.sharma/Documents/AbbVie/sra_streamlit_app/.pixi/envs/default/lib/python3.14/site-packages/streamlit/cli_util.py", line 34, in print_to_cli
    click.secho(message, **kwargs)
    ~~~~~~~~~~~^^^^^^^^^^^^^^^^^^^
  File "/home/surajkumar.sharma/Documents/AbbVie/sra_streamlit_app/.pixi/envs/default/lib/python3.14/site-packages/click/termui.py", line 748, in secho
    return echo(message, file=file, nl=nl, err=err, color=color)
  File "/home/surajkumar.sharma/Documents/AbbVie/sra_streamlit_app/.pixi/envs/default/lib/python3.14/site-packages/click/utils.py", line 334, in echo
    file.flush()
    ~~~~~~~~~~^^
RuntimeError: reentrant call inside <_io.BufferedWriter name='<stdout>'>
